{"sessionId":"5c2724","runId":"server-runtime","hypothesisId":"C1","location":"app\/Controllers\/TesinaController.php","message":"Login view served","data":[],"timestamp":1776965965909}
{"sessionId":"5c2724","runId":"server-runtime","hypothesisId":"C0","location":"app\/Controllers\/TesinaController.php","message":"Landing served","data":[],"timestamp":1776965971079}
{"sessionId":"5c2724","runId":"server-runtime","hypothesisId":"C0","location":"app\/Controllers\/TesinaController.php","message":"Landing served","data":[],"timestamp":1776966116785}
{"sessionId":"5c2724","runId":"server-runtime","hypothesisId":"C0","location":"app\/Controllers\/TesinaController.php","message":"Landing served","data":[],"timestamp":1776966341529}
{"sessionId":"5c2724","runId":"server-runtime","hypothesisId":"C0","location":"app\/Controllers\/TesinaController.php","message":"Landing served","data":[],"timestamp":1776967002973}
{"sessionId":"5c2724","runId":"server-runtime","hypothesisId":"C0","location":"app\/Controllers\/TesinaController.php","message":"Landing served","data":[],"timestamp":1776967071508}
{"sessionId":"5c2724","runId":"server-runtime","hypothesisId":"C0","location":"app\/Controllers\/TesinaController.php","message":"Landing served","data":[],"timestamp":1776967556485}
{"sessionId":"5c2724","runId":"server-runtime","hypothesisId":"C0","location":"app\/Controllers\/TesinaController.php","message":"Landing served","data":[],"timestamp":1776967677191}
{"sessionId":"5c2724","runId":"server-runtime","hypothesisId":"C0","location":"app\/Controllers\/TesinaController.php","message":"Landing served","data":[],"timestamp":1776967862803}
{"sessionId":"5c2724","runId":"server-runtime","hypothesisId":"C0","location":"app\/Controllers\/TesinaController.php","message":"Landing served","data":[],"timestamp":1776967964355}
{"sessionId":"5c2724","runId":"server-runtime","hypothesisId":"C1","location":"app\/Controllers\/TesinaController.php","message":"Login view served","data":[],"timestamp":1776968025288}
{"sessionId":"5c2724","runId":"server-runtime","hypothesisId":"C1","location":"app\/Controllers\/TesinaController.php","message":"Login view served","data":[],"timestamp":1777030807354}
{"sessionId":"5c2724","runId":"server-runtime","hypothesisId":"C1","location":"app\/Controllers\/TesinaController.php","message":"Login view served","data":[],"timestamp":1777030807355}
{"sessionId":"5c2724","runId":"server-runtime","hypothesisId":"C1","location":"app\/Controllers\/TesinaController.php","message":"Login view served","data":[],"timestamp":1777030846157}
{"sessionId":"5c2724","runId":"server-runtime","hypothesisId":"C1","location":"app\/Controllers\/TesinaController.php","message":"Login view served","data":[],"timestamp":1777030846181}
{"sessionId":"5c2724","runId":"server-runtime","hypothesisId":"C2","location":"app\/Controllers\/TesinaController.php","message":"Login request received","data":{"usuarioLength":4,"hasPassword":true,"userFound":true,"validCredentials":false},"timestamp":1777030846844}
{"sessionId":"5c2724","runId":"server-runtime","hypothesisId":"C1","location":"app\/Controllers\/TesinaController.php","message":"Login view served","data":[],"timestamp":1777030847051}
{"sessionId":"5c2724","runId":"server-runtime","hypothesisId":"C1","location":"app\/Controllers\/TesinaController.php","message":"Login view served","data":[],"timestamp":1777030864893}
{"sessionId":"5c2724","runId":"server-runtime","hypothesisId":"C2","location":"app\/Controllers\/TesinaController.php","message":"Login request received","data":{"usuarioLength":4,"hasPassword":true,"userFound":true,"validCredentials":false},"timestamp":1777030865375}
{"sessionId":"5c2724","runId":"server-runtime","hypothesisId":"C1","location":"app\/Controllers\/TesinaController.php","message":"Login view served","data":[],"timestamp":1777030921804}
{"sessionId":"5c2724","runId":"server-runtime","hypothesisId":"C2","location":"app\/Controllers\/TesinaController.php","message":"Login request received","data":{"usuarioLength":4,"hasPassword":true,"userFound":true,"validCredentials":true},"timestamp":1777030923057}
{"sessionId":"5c2724","runId":"server-runtime","hypothesisId":"C1","location":"app\/Controllers\/TesinaController.php","message":"Login view served","data":[],"timestamp":1777030934126}
{"sessionId":"5c2724","runId":"server-runtime","hypothesisId":"C2","location":"app\/Controllers\/TesinaController.php","message":"Login request received","data":{"usuarioLength":4,"hasPassword":true,"userFound":true,"validCredentials":true},"timestamp":1777030934894}
{"sessionId":"5c2724","runId":"server-runtime","hypothesisId":"C1","location":"app\/Controllers\/TesinaController.php","message":"Login view served","data":[],"timestamp":1777030945986}
{"sessionId":"5c2724","runId":"server-runtime","hypothesisId":"C2","location":"app\/Controllers\/TesinaController.php","message":"Login request received","data":{"usuarioLength":4,"hasPassword":true,"userFound":true,"validCredentials":true},"timestamp":1777030947040}
{"sessionId":"5c2724","runId":"server-runtime","hypothesisId":"C1","location":"app\/Controllers\/TesinaController.php","message":"Login view served","data":[],"timestamp":1777030992102}
{"sessionId":"5c2724","runId":"server-runtime","hypothesisId":"C2","location":"app\/Controllers\/TesinaController.php","message":"Login request received","data":{"usuarioLength":4,"hasPassword":true,"userFound":true,"validCredentials":true},"timestamp":1777030992565}
{"sessionId":"5c2724","runId":"server-runtime","hypothesisId":"C0","location":"app\/Controllers\/TesinaController.php","message":"Landing served","data":[],"timestamp":1777030992737}
{"sessionId":"5c2724","runId":"server-runtime","hypothesisId":"C1","location":"app\/Controllers\/TesinaController.php","message":"Login view served","data":[],"timestamp":1777031261181}
{"sessionId":"5c2724","runId":"server-runtime","hypothesisId":"C3","location":"app\/Controllers\/TesinaController.php","message":"Register view served","data":[],"timestamp":1777031297738}
{"sessionId":"5c2724","runId":"server-runtime","hypothesisId":"C1","location":"app\/Controllers\/TesinaController.php","message":"Login view served","data":[],"timestamp":1777031368616}
{"sessionId":"5c2724","runId":"server-runtime","hypothesisId":"C0","location":"app\/Controllers\/TesinaController.php","message":"Landing served","data":[],"timestamp":1777031424556}
{"sessionId":"5c2724","runId":"server-runtime","hypothesisId":"C1","location":"app\/Controllers\/TesinaController.php","message":"Login view served","data":[],"timestamp":1777031515604}
{"sessionId":"5c2724","runId":"server-runtime","hypothesisId":"C1","location":"app\/Controllers\/TesinaController.php","message":"Login view served","data":[],"timestamp":1777031850577}
{"sessionId":"5c2724","runId":"server-runtime","hypothesisId":"C0","location":"app\/Controllers\/TesinaController.php","message":"Landing served","data":[],"timestamp":1777031856203}
{"sessionId":"5c2724","runId":"server-runtime","hypothesisId":"C0","location":"app\/Controllers\/TesinaController.php","message":"Landing served","data":[],"timestamp":1777031859659}
{"sessionId":"5c2724","runId":"server-runtime","hypothesisId":"C0","location":"app\/Controllers\/TesinaController.php","message":"Landing served","data":[],"timestamp":1777032036060}
{"sessionId":"5c2724","runId":"server-runtime","hypothesisId":"C0","location":"app\/Controllers\/TesinaController.php","message":"Landing served","data":[],"timestamp":1777032131365}
{"sessionId":"5c2724","runId":"server-runtime","hypothesisId":"C0","location":"app\/Controllers\/TesinaController.php","message":"Landing served","data":[],"timestamp":1777034251264}
{"sessionId":"5c2724","runId":"server-runtime","hypothesisId":"C0","location":"app\/Controllers\/TesinaController.php","message":"Landing served","data":[],"timestamp":1777034274621}
{"sessionId":"5c2724","runId":"server-runtime","hypothesisId":"C0","location":"app\/Controllers\/TesinaController.php","message":"Landing served","data":[],"timestamp":1777036215834}
{"sessionId":"5c2724","runId":"server-runtime","hypothesisId":"C0","location":"app\/Controllers\/TesinaController.php","message":"Landing served","data":[],"timestamp":1777036234275}
{"sessionId":"5c2724","runId":"server-runtime","hypothesisId":"C0","location":"app\/Controllers\/TesinaController.php","message":"Landing served","data":[],"timestamp":1777036350262}
{"sessionId":"5c2724","runId":"server-runtime","hypothesisId":"C0","location":"app\/Controllers\/TesinaController.php","message":"Landing served","data":[],"timestamp":1777036360065}
{"sessionId":"5c2724","runId":"server-runtime","hypothesisId":"C0","location":"app\/Controllers\/TesinaController.php","message":"Landing served","data":[],"timestamp":1777039017207}
{"sessionId":"5c2724","runId":"server-runtime","hypothesisId":"C0","location":"app\/Controllers\/TesinaController.php","message":"Landing served","data":[],"timestamp":1777039059434}
